==129846== Memcheck, a memory error detector
==129846== Copyright (C) 2002-2017, and GNU GPL'd, by Julian Seward et al.
==129846== Using Valgrind-3.13.0 and LibVEX; rerun with -h for copyright info
==129846== Command: ./memory_model.x --configs ./traces/vectoradd/configs/ --sort 0 --log 0 --tmp 0 --dump_histogram 0
==129846== Parent PID: 67540
==129846== 
--129846-- 
--129846-- Valgrind options:
--129846--    --leak-check=full
--129846--    --show-leak-kinds=all
--129846--    --allow-mismatched-debuginfo=yes
--129846--    --read-inline-info=yes
--129846--    --read-var-info=yes
--129846--    --quiet
--129846--    --verbose
--129846--    -v
--129846--    --log-file=valgrind.log
--129846-- Contents of /proc/version:
--129846--   Linux version 3.10.0-1160.102.1.el7.x86_64 (mockbuild@kbuilder.bsys.centos.org) (gcc version 4.8.5 20150623 (Red Hat 4.8.5-44) (GCC) ) #1 SMP Tue Oct 17 15:42:21 UTC 2023
--129846-- 
--129846-- Arch and hwcaps: AMD64, LittleEndian, amd64-cx16-lzcnt-rdtscp-sse3-avx-avx2-bmi
--129846-- Page sizes: currently 4096, max supported 4096
--129846-- Valgrind library directory: /opt/rh/devtoolset-7/root/usr/lib64/valgrind
--129846-- Reading syms from /home/yangjianchao/Github/memory_model/memory_model.x
--129846-- Reading syms from /usr/lib64/ld-2.17.so
--129846-- Reading syms from /opt/rh/devtoolset-7/root/usr/lib64/valgrind/memcheck-amd64-linux
--129846--    object doesn't have a symbol table
--129846--    object doesn't have a dynamic symbol table
--129846-- Scheduler: using generic scheduler lock implementation.
--129846-- Reading suppressions file: /opt/rh/devtoolset-7/root/usr/lib64/valgrind/default.supp
==129846== embedded gdbserver: reading from /tmp/vgdb-pipe-from-vgdb-to-129846-by-yangjianchao-on-localhost.localdomain
==129846== embedded gdbserver: writing to   /tmp/vgdb-pipe-to-vgdb-from-129846-by-yangjianchao-on-localhost.localdomain
==129846== embedded gdbserver: shared mem   /tmp/vgdb-pipe-shared-mem-vgdb-129846-by-yangjianchao-on-localhost.localdomain
==129846== 
==129846== TO CONTROL THIS PROCESS USING vgdb (which you probably
==129846== don't want to do, unless you know exactly what you're doing,
==129846== or are doing some strange experiment):
==129846==   /opt/rh/devtoolset-7/root/usr/lib64/valgrind/../../bin/vgdb --pid=129846 ...command...
==129846== 
==129846== TO DEBUG THIS PROCESS USING GDB: start GDB like this
==129846==   /path/to/gdb ./memory_model.x
==129846== and then give GDB the following command
==129846==   target remote | /opt/rh/devtoolset-7/root/usr/lib64/valgrind/../../bin/vgdb --pid=129846
==129846== --pid is optional if only one valgrind process is running
==129846== 
--129846-- REDIR: 0x4019e40 (ld-linux-x86-64.so.2:strlen) redirected to 0x58059d91 (???)
--129846-- REDIR: 0x4019c10 (ld-linux-x86-64.so.2:index) redirected to 0x58059dab (???)
--129846-- Reading syms from /opt/rh/devtoolset-7/root/usr/lib64/valgrind/vgpreload_core-amd64-linux.so
--129846-- Reading syms from /opt/rh/devtoolset-7/root/usr/lib64/valgrind/vgpreload_memcheck-amd64-linux.so
==129846== WARNING: new redirection conflicts with existing -- ignoring it
--129846--     old: 0x04019e40 (strlen              ) R-> (0000.0) 0x58059d91 ???
--129846--     new: 0x04019e40 (strlen              ) R-> (2007.0) 0x04c2ca70 strlen
--129846-- REDIR: 0x4019dc0 (ld-linux-x86-64.so.2:strcmp) redirected to 0x4c2dbc0 (strcmp)
--129846-- REDIR: 0x401aa80 (ld-linux-x86-64.so.2:mempcpy) redirected to 0x4c30c40 (mempcpy)
--129846-- Reading syms from /usr/local/boost/lib/libboost_mpi.so.1.83.0
--129846-- Reading syms from /usr/local/boost/lib/libboost_serialization.so.1.83.0
--129846-- Reading syms from /usr/lib64/libglib-2.0.so.0.5600.1
--129846--    object doesn't have a symbol table
--129846-- Reading syms from /usr/local/mpich-3.3.2/lib/libmpicxx.so.12.1.8
--129846-- Reading syms from /usr/local/mpich-3.3.2/lib/libmpi.so.12.1.8
--129846-- Reading syms from /usr/lib64/libstdc++.so.6.0.19
--129846-- ELF section outside all mapped regions
--129846-- Reading syms from /usr/lib64/libm-2.17.so
--129846-- Reading syms from /usr/lib64/libgcc_s-4.8.5-20150702.so.1
--129846--    object doesn't have a symbol table
--129846-- Reading syms from /usr/lib64/libc-2.17.so
--129846-- Reading syms from /usr/lib64/librt-2.17.so
--129846-- Reading syms from /usr/lib64/libpthread-2.17.so
--129846-- Reading syms from /usr/lib64/libpcre.so.1.2.0
--129846--    object doesn't have a symbol table
--129846-- Reading syms from /usr/lib64/libgfortran.so.4.0.0
--129846--    object doesn't have a symbol table
--129846-- Reading syms from /usr/lib64/libquadmath.so.0.0.0
--129846--    object doesn't have a symbol table
--129846-- REDIR: 0x62c61d0 (libc.so.6:strcasecmp) redirected to 0x4a24740 (_vgnU_ifunc_wrapper)
--129846-- REDIR: 0x62c2f40 (libc.so.6:strnlen) redirected to 0x4a24740 (_vgnU_ifunc_wrapper)
--129846-- REDIR: 0x62c84d0 (libc.so.6:strncasecmp) redirected to 0x4a24740 (_vgnU_ifunc_wrapper)
--129846-- REDIR: 0x62c59a0 (libc.so.6:memset) redirected to 0x4a24740 (_vgnU_ifunc_wrapper)
--129846-- REDIR: 0x62c5950 (libc.so.6:memcpy@GLIBC_2.2.5) redirected to 0x4a24740 (_vgnU_ifunc_wrapper)
--129846-- REDIR: 0x62c2e10 (libc.so.6:strlen) redirected to 0x4a24740 (_vgnU_ifunc_wrapper)
--129846-- REDIR: 0x62c13c0 (libc.so.6:strcmp) redirected to 0x4a24740 (_vgnU_ifunc_wrapper)
--129846-- REDIR: 0x62cabc0 (libc.so.6:memcpy@@GLIBC_2.14) redirected to 0x4a24740 (_vgnU_ifunc_wrapper)
--129846-- REDIR: 0x62c5b00 (libc.so.6:mempcpy) redirected to 0x4a24740 (_vgnU_ifunc_wrapper)
--129846-- REDIR: 0x62c3020 (libc.so.6:strncmp) redirected to 0x4a24740 (_vgnU_ifunc_wrapper)
--129846-- REDIR: 0x62c2e60 (libc.so.6:__GI_strlen) redirected to 0x4c2c9d0 (__GI_strlen)
--129846-- REDIR: 0x62c4930 (libc.so.6:__GI_strrchr) redirected to 0x4c2c430 (__GI_strrchr)
--129846-- REDIR: 0x62bc160 (libc.so.6:calloc) redirected to 0x4c2b8bf (calloc)
--129846-- REDIR: 0x62bb740 (libc.so.6:malloc) redirected to 0x4c29b3c (malloc)
--129846-- REDIR: 0x62cac30 (libc.so.6:__GI_memcpy) redirected to 0x4c2e560 (__GI_memcpy)
--129846-- REDIR: 0xffffffffff600000 (???:???) redirected to 0x58059d73 (???)
--129846-- REDIR: 0x62c53c0 (libc.so.6:__GI_memcmp) redirected to 0x4c2f4b0 (__GI_memcmp)
--129846-- REDIR: 0x6374fc0 (libc.so.6:__strcmp_sse42) redirected to 0x4c2db70 (__strcmp_sse42)
--129846-- REDIR: 0x62c5a00 (libc.so.6:__GI_memset) redirected to 0x4c2fe60 (memset)
--129846-- REDIR: 0x63a58b0 (libc.so.6:__strlen_sse2_pminub) redirected to 0x4c2c9b0 (strlen)
--129846-- REDIR: 0x62bbc40 (libc.so.6:realloc) redirected to 0x4c2ba8e (realloc)
--129846-- REDIR: 0x62c5380 (libc.so.6:bcmp) redirected to 0x4a24740 (_vgnU_ifunc_wrapper)
--129846-- REDIR: 0x63a01e0 (libc.so.6:__memcmp_sse4_1) redirected to 0x4c2f5f0 (__memcmp_sse4_1)
--129846-- REDIR: 0x638ac70 (libc.so.6:__memcpy_ssse3_back) redirected to 0x4c2df80 (memcpy@@GLIBC_2.14)
--129846-- REDIR: 0x62c3060 (libc.so.6:__GI_strncmp) redirected to 0x4c2d200 (__GI_strncmp)
--129846-- REDIR: 0x62c2850 (libc.so.6:strcpy) redirected to 0x4a24740 (_vgnU_ifunc_wrapper)
--129846-- REDIR: 0x62d07d0 (libc.so.6:__strcpy_sse2_unaligned) redirected to 0x4c2ca90 (strcpy)
--129846-- REDIR: 0x62bbb60 (libc.so.6:free) redirected to 0x4c2ac36 (free)
--129846-- REDIR: 0x637d360 (libc.so.6:__strcasecmp_avx) redirected to 0x4c2d350 (strcasecmp)
--129846-- REDIR: 0x62c1300 (libc.so.6:index) redirected to 0x4a24740 (_vgnU_ifunc_wrapper)
--129846-- REDIR: 0x6374f10 (libc.so.6:__strchr_sse42) redirected to 0x4c2c620 (index)
--129846-- REDIR: 0xffffffffff600400 (???:???) redirected to 0x58059d7d (???)
--129846-- REDIR: 0x62c5030 (libc.so.6:memchr) redirected to 0x4c2dc60 (memchr)
--129846-- REDIR: 0x62c57c0 (libc.so.6:__GI_memmove) redirected to 0x4c301b0 (__GI_memmove)
--129846-- REDIR: 0x62c5b70 (libc.so.6:__GI_mempcpy) redirected to 0x4c30970 (__GI_mempcpy)
--129846-- REDIR: 0x62dba10 (libc.so.6:__GI_strstr) redirected to 0x4c30ed0 (__strstr_sse2)
--129846-- REDIR: 0x62c1340 (libc.so.6:__GI_strchr) redirected to 0x4c2c560 (__GI_strchr)
--129846-- REDIR: 0x62cc2a0 (libc.so.6:__GI___rawmemchr) redirected to 0x4c307c0 (__GI___rawmemchr)
--129846-- REDIR: 0x62cc4b0 (libc.so.6:strchrnul) redirected to 0x4c30760 (strchrnul)
--129846-- REDIR: 0x62dbfd0 (libc.so.6:strstr) redirected to 0x4a24740 (_vgnU_ifunc_wrapper)
--129846-- REDIR: 0x6376ef0 (libc.so.6:__strstr_sse42) redirected to 0x4c30f60 (__strstr_sse42)
--129846-- REDIR: 0x62c48b0 (libc.so.6:strncpy) redirected to 0x4a24740 (_vgnU_ifunc_wrapper)
--129846-- REDIR: 0x62d0e00 (libc.so.6:__strncpy_sse2_unaligned) redirected to 0x4c2d040 (__strncpy_sse2_unaligned)
--129846-- REDIR: 0x637e9d0 (libc.so.6:__strncasecmp_avx) redirected to 0x4c2d430 (strncasecmp)
--129846-- REDIR: 0x62c48f0 (libc.so.6:rindex) redirected to 0x4a24740 (_vgnU_ifunc_wrapper)
--129846-- REDIR: 0x6376d50 (libc.so.6:__strrchr_sse42) redirected to 0x4c2c4c0 (__strrchr_sse42)
--129846-- REDIR: 0x6375d70 (libc.so.6:__strncmp_sse42) redirected to 0x4c2d2e0 (__strncmp_sse42)
--129846-- REDIR: 0x6390210 (libc.so.6:__memmove_ssse3_back) redirected to 0x4c2dd20 (memcpy@GLIBC_2.2.5)
==129846== 
==129846== HEAP SUMMARY:
==129846==     in use at exit: 18,604 bytes in 6 blocks
==129846==   total heap usage: 27,113,587 allocs, 27,113,581 frees, 27,787,613,549 bytes allocated
==129846== 
==129846== Searching for pointers to 6 not-freed blocks
==129846== Checked 492,400 bytes
==129846== 
==129846== 4 bytes in 1 blocks are still reachable in loss record 1 of 6
==129846==    at 0x4C29BC3: malloc (vg_replace_malloc.c:299)
==129846==    by 0x52B5E71: ??? (in /usr/lib64/libglib-2.0.so.0.5600.1)
==129846==    by 0x532AB5B: g_private_get (in /usr/lib64/libglib-2.0.so.0.5600.1)
==129846==    by 0x5302D4C: g_slice_alloc (in /usr/lib64/libglib-2.0.so.0.5600.1)
==129846==    by 0x52D4C9D: g_hash_table_new_full (in /usr/lib64/libglib-2.0.so.0.5600.1)
==129846==    by 0x52F6B4A: ??? (in /usr/lib64/libglib-2.0.so.0.5600.1)
==129846==    by 0x52E1BB9: ??? (in /usr/lib64/libglib-2.0.so.0.5600.1)
==129846==    by 0x400F9C2: _dl_init (in /usr/lib64/ld-2.17.so)
==129846==    by 0x4001179: ??? (in /usr/lib64/ld-2.17.so)
==129846==    by 0xA: ???
==129846==    by 0x1FFEFFF98E: ???
==129846==    by 0x1FFEFFF99F: ???
==129846== 
==129846== 32 bytes in 1 blocks are still reachable in loss record 2 of 6
==129846==    at 0x4C2B955: calloc (vg_replace_malloc.c:711)
==129846==    by 0x52EB7B5: g_malloc0 (in /usr/lib64/libglib-2.0.so.0.5600.1)
==129846==    by 0x52D4D04: g_hash_table_new_full (in /usr/lib64/libglib-2.0.so.0.5600.1)
==129846==    by 0x52F6B4A: ??? (in /usr/lib64/libglib-2.0.so.0.5600.1)
==129846==    by 0x52E1BB9: ??? (in /usr/lib64/libglib-2.0.so.0.5600.1)
==129846==    by 0x400F9C2: _dl_init (in /usr/lib64/ld-2.17.so)
==129846==    by 0x4001179: ??? (in /usr/lib64/ld-2.17.so)
==129846==    by 0xA: ???
==129846==    by 0x1FFEFFF98E: ???
==129846==    by 0x1FFEFFF99F: ???
==129846==    by 0x1FFEFFF9A9: ???
==129846==    by 0x1FFEFFF9C5: ???
==129846== 
==129846== 64 bytes in 1 blocks are still reachable in loss record 3 of 6
==129846==    at 0x4C2B955: calloc (vg_replace_malloc.c:711)
==129846==    by 0x52EB7B5: g_malloc0 (in /usr/lib64/libglib-2.0.so.0.5600.1)
==129846==    by 0x52D4CEF: g_hash_table_new_full (in /usr/lib64/libglib-2.0.so.0.5600.1)
==129846==    by 0x52F6B4A: ??? (in /usr/lib64/libglib-2.0.so.0.5600.1)
==129846==    by 0x52E1BB9: ??? (in /usr/lib64/libglib-2.0.so.0.5600.1)
==129846==    by 0x400F9C2: _dl_init (in /usr/lib64/ld-2.17.so)
==129846==    by 0x4001179: ??? (in /usr/lib64/ld-2.17.so)
==129846==    by 0xA: ???
==129846==    by 0x1FFEFFF98E: ???
==129846==    by 0x1FFEFFF99F: ???
==129846==    by 0x1FFEFFF9A9: ???
==129846==    by 0x1FFEFFF9C5: ???
==129846== 
==129846== 88 bytes in 1 blocks are still reachable in loss record 4 of 6
==129846==    at 0x4C29BC3: malloc (vg_replace_malloc.c:299)
==129846==    by 0x52EB75D: g_malloc (in /usr/lib64/libglib-2.0.so.0.5600.1)
==129846==    by 0x5302D6D: g_slice_alloc (in /usr/lib64/libglib-2.0.so.0.5600.1)
==129846==    by 0x52D4C9D: g_hash_table_new_full (in /usr/lib64/libglib-2.0.so.0.5600.1)
==129846==    by 0x52F6B4A: ??? (in /usr/lib64/libglib-2.0.so.0.5600.1)
==129846==    by 0x52E1BB9: ??? (in /usr/lib64/libglib-2.0.so.0.5600.1)
==129846==    by 0x400F9C2: _dl_init (in /usr/lib64/ld-2.17.so)
==129846==    by 0x4001179: ??? (in /usr/lib64/ld-2.17.so)
==129846==    by 0xA: ???
==129846==    by 0x1FFEFFF98E: ???
==129846==    by 0x1FFEFFF99F: ???
==129846==    by 0x1FFEFFF9A9: ???
==129846== 
==129846== 2,032 bytes in 1 blocks are still reachable in loss record 5 of 6
==129846==    at 0x4C2B955: calloc (vg_replace_malloc.c:711)
==129846==    by 0x52EB7B5: g_malloc0 (in /usr/lib64/libglib-2.0.so.0.5600.1)
==129846==    by 0x52B57A6: ??? (in /usr/lib64/libglib-2.0.so.0.5600.1)
==129846==    by 0x5302EB4: g_slice_alloc (in /usr/lib64/libglib-2.0.so.0.5600.1)
==129846==    by 0x52D4C9D: g_hash_table_new_full (in /usr/lib64/libglib-2.0.so.0.5600.1)
==129846==    by 0x52F6B4A: ??? (in /usr/lib64/libglib-2.0.so.0.5600.1)
==129846==    by 0x52E1BB9: ??? (in /usr/lib64/libglib-2.0.so.0.5600.1)
==129846==    by 0x400F9C2: _dl_init (in /usr/lib64/ld-2.17.so)
==129846==    by 0x4001179: ??? (in /usr/lib64/ld-2.17.so)
==129846==    by 0xA: ???
==129846==    by 0x1FFEFFF98E: ???
==129846==    by 0x1FFEFFF99F: ???
==129846== 
==129846== 16,384 bytes in 1 blocks are still reachable in loss record 6 of 6
==129846==    at 0x4C29BC3: malloc (vg_replace_malloc.c:299)
==129846==    by 0x52EB75D: g_malloc (in /usr/lib64/libglib-2.0.so.0.5600.1)
==129846==    by 0x52F6B5B: ??? (in /usr/lib64/libglib-2.0.so.0.5600.1)
==129846==    by 0x52E1BB9: ??? (in /usr/lib64/libglib-2.0.so.0.5600.1)
==129846==    by 0x400F9C2: _dl_init (in /usr/lib64/ld-2.17.so)
==129846==    by 0x4001179: ??? (in /usr/lib64/ld-2.17.so)
==129846==    by 0xA: ???
==129846==    by 0x1FFEFFF98E: ???
==129846==    by 0x1FFEFFF99F: ???
==129846==    by 0x1FFEFFF9A9: ???
==129846==    by 0x1FFEFFF9C5: ???
==129846==    by 0x1FFEFFF9CC: ???
==129846== 
==129846== LEAK SUMMARY:
==129846==    definitely lost: 0 bytes in 0 blocks
==129846==    indirectly lost: 0 bytes in 0 blocks
==129846==      possibly lost: 0 bytes in 0 blocks
==129846==    still reachable: 18,604 bytes in 6 blocks
==129846==         suppressed: 0 bytes in 0 blocks
==129846== 
==129846== ERROR SUMMARY: 0 errors from 0 contexts (suppressed: 0 from 0)
==129846== ERROR SUMMARY: 0 errors from 0 contexts (suppressed: 0 from 0)
